  ANDROID_HOME=C:\\Microsoft\AndroidSDK\25
  ANT_HOME=C:\Program Files\Microsoft Visual Studio\2022\Community\Apps\apache-ant-1.9.3
  JAVA_HOME=C:\Program Files\Android\jdk\jdk-8.0.302.8-hotspot\jdk8u302-b08
  NDK_ROOT=C:\\Microsoft\AndroidNDK\android-ndk-r21e
  Minifying JSON and checking that ASM/jump table exists for this platform...
  DarkEdifPreBuildTool: running for extension Noise, plat Android:armeabi-v7a...
  DarkEdifPreBuildTool: Minified JSON is already up-to-date.
  DarkEdifPreBuildTool: Generated A/C/E macro file is already up-to-date.
  Edif.cpp
  DarkEdif.cpp
  Edif.Runtime.cpp
  Edif.General.cpp
  json.cpp
  ObjectSelection.cpp
  Actions.cpp
  Conditions.cpp
  Expressions.cpp
  Extension.cpp
  Runtime.cpp
  Noise.Android.vcxproj -> C:\Users\kacpe\Desktop\Noise\Temp\Noise\Android\Runtime\armeabi-v7a\libNoise.so
  Copying the built libraries into the ZIP file in MFX\Data\Runtime...
  
  Wyjątek nieobsłużony: System.IO.FileNotFoundException: Nie można załadować pliku lub zestawu 'DotNetZip, Version=1.15.0.0, Culture=neutral, PublicKeyToken=6583c7c814667745' lub jednej z jego zależności. Nie można odnaleźć określonego pliku.
     w DarkEdifPostBuildTool.Program.Main2(String[] args)
     w DarkEdifPostBuildTool.Program.Main(String[] args)
C:\Users\kacpe\Desktop\Noise\Lib\FusionSDK.props(851,4): error MSB3073: Polecenie „"..\DarkEdifPostBuildTool.exe" /ProjName="Noise" /TargetArch="armeabi-v7a" /InputSOFolder="C:\Users\kacpe\Desktop\Noise\Temp\Noise\Android\Runtime\armeabi-v7a" /OutputDir="C:\Users\kacpe\Desktop\Noise\MFX\Data\Runtime\Android" /ProjectDir="C:\Users\kacpe\Desktop\Noise\Noise" /Platform="Android"” zostało zakończone przez kod -532462766.
